<?xml version="1.0" encoding="UTF-8"?>
<testsuite name="co.edu.javeriana.aes.modval.PagoConvenio.PagoConvenioApplicationTests" time="0.009" tests="1" errors="1" skipped="0" failures="0">
  <properties>
[...]
</properties>
  <testcase name="initializationError" classname="co.edu.javeriana.aes.modval.PagoConvenio.PagoConvenioApplicationTests" time="0.009">
    <error message="Unable to find a @SpringBootConfiguration, you need to use @ContextConfiguration or @SpringBootTest(classes=...) with your test" type="java.lang.IllegalStateException"><![CDATA[java.lang.IllegalStateException: Unable to find a @SpringBootConfiguration, you need to use @ContextConfiguration or @SpringBootTest(classes=...) with your test
	at org.springframework.util.Assert.state(Assert.java:70)
	at org.springframework.boot.test.context.SpringBootTestContextBootstrapper.getOrFindConfigurationClasses(SpringBootTestContextBootstrapper.java:173)
	at org.springframework.boot.test.context.SpringBootTestContextBootstrapper.processMergedContextConfiguration(SpringBootTestContextBootstrapper.java:133)
	at org.springframework.test.context.support.AbstractTestContextBootstrapper.buildMergedContextConfiguration(AbstractTestContextBootstrapper.java:409)
	at org.springframework.test.context.support.AbstractTestContextBootstrapper.buildDefaultMergedContextConfiguration(AbstractTestContextBootstrapper.java:323)
	at org.springframework.test.context.support.AbstractTestContextBootstrapper.buildMergedContextConfiguration(AbstractTestContextBootstrapper.java:277)
	at org.springframework.test.context.support.AbstractTestContextBootstrapper.buildTestContext(AbstractTestContextBootstrapper.java:112)
	at org.springframework.boot.test.context.SpringBootTestContextBootstrapper.buildTestContext(SpringBootTestContextBootstrapper.java:78)
	at org.springframework.test.context.TestContextManager.<init>(TestContextManager.java:120)
	at org.springframework.test.context.TestContextManager.<init>(TestContextManager.java:105)
	at org.springframework.test.context.junit4.SpringJUnit4ClassRunner.createTestContextManager(SpringJUnit4ClassRunner.java:152)
	at org.springframework.test.context.junit4.SpringJUnit4ClassRunner.<init>(SpringJUnit4ClassRunner.java:143)
	at org.springframework.test.context.junit4.SpringRunner.<init>(SpringRunner.java:49)
	at sun.reflect.NativeConstructorAccessorImpl.newInstance0(Native Method)
	at sun.reflect.NativeConstructorAccessorImpl.newInstance(NativeConstructorAccessorImpl.java:62)
	at sun.reflect.DelegatingConstructorAccessorImpl.newInstance(DelegatingConstructorAccessorImpl.java:45)
	at java.lang.reflect.Constructor.newInstance(Constructor.java:423)
	at org.junit.internal.builders.AnnotatedBuilder.buildRunner(AnnotatedBuilder.java:104)
	at org.junit.internal.builders.AnnotatedBuilder.runnerForClass(AnnotatedBuilder.java:86)
	at org.junit.runners.model.RunnerBuilder.safeRunnerForClass(RunnerBuilder.java:59)
	at org.junit.internal.builders.AllDefaultPossibilitiesBuilder.runnerForClass(AllDefaultPossibilitiesBuilder.java:26)
	at org.junit.runners.model.RunnerBuilder.safeRunnerForClass(RunnerBuilder.java:59)
	at org.junit.internal.requests.ClassRequest.getRunner(ClassRequest.java:33)
	at org.apache.maven.surefire.junit4.JUnit4Provider.execute(JUnit4Provider.java:283)
	at org.apache.maven.surefire.junit4.JUnit4Provider.executeWithRerun(JUnit4Provider.java:173)
	at org.apache.maven.surefire.junit4.JUnit4Provider.executeTestSet(JUnit4Provider.java:153)
	at org.apache.maven.surefire.junit4.JUnit4Provider.invoke(JUnit4Provider.java:128)
	at org.apache.maven.surefire.booter.ForkedBooter.invokeProviderInSameClassLoader(ForkedBooter.java:203)
	at org.apache.maven.surefire.booter.ForkedBooter.runSuitesInProcess(ForkedBooter.java:155)
	at org.apache.maven.surefire.booter.ForkedBooter.main(ForkedBooter.java:103)
]]></error>
    <system-out><![CDATA[22:28:43.489 [main] DEBUG org.springframework.test.context.junit4.SpringJUnit4ClassRunner - SpringJUnit4ClassRunner constructor called with [class co.edu.javeriana.aes.modval.PagoConvenio.PagoConvenioApplicationTests]
22:28:43.516 [main] DEBUG org.springframework.test.context.BootstrapUtils - Instantiating CacheAwareContextLoaderDelegate from class [org.springframework.test.context.cache.DefaultCacheAwareContextLoaderDelegate]
22:28:43.529 [main] DEBUG org.springframework.test.context.BootstrapUtils - Instantiating BootstrapContext using constructor [public org.springframework.test.context.support.DefaultBootstrapContext(java.lang.Class,org.springframework.test.context.CacheAwareContextLoaderDelegate)]
22:28:43.545 [main] DEBUG org.springframework.test.context.BootstrapUtils - Instantiating TestContextBootstrapper for test class [co.edu.javeriana.aes.modval.PagoConvenio.PagoConvenioApplicationTests] from class [org.springframework.boot.test.context.SpringBootTestContextBootstrapper]
22:28:43.555 [main] INFO org.springframework.boot.test.context.SpringBootTestContextBootstrapper - Neither @ContextConfiguration nor @ContextHierarchy found for test class [co.edu.javeriana.aes.modval.PagoConvenio.PagoConvenioApplicationTests], using SpringBootContextLoader
22:28:43.559 [main] DEBUG org.springframework.test.context.support.AbstractContextLoader - Did not detect default resource location for test class [co.edu.javeriana.aes.modval.PagoConvenio.PagoConvenioApplicationTests]: class path resource [co/edu/javeriana/aes/modval/PagoConvenio/PagoConvenioApplicationTests-context.xml] does not exist
22:28:43.559 [main] DEBUG org.springframework.test.context.support.AbstractContextLoader - Did not detect default resource location for test class [co.edu.javeriana.aes.modval.PagoConvenio.PagoConvenioApplicationTests]: class path resource [co/edu/javeriana/aes/modval/PagoConvenio/PagoConvenioApplicationTestsContext.groovy] does not exist
22:28:43.560 [main] INFO org.springframework.test.context.support.AbstractContextLoader - Could not detect default resource locations for test class [co.edu.javeriana.aes.modval.PagoConvenio.PagoConvenioApplicationTests]: no resource found for suffixes {-context.xml, Context.groovy}.
22:28:43.560 [main] INFO org.springframework.test.context.support.AnnotationConfigContextLoaderUtils - Could not detect default configuration classes for test class [co.edu.javeriana.aes.modval.PagoConvenio.PagoConvenioApplicationTests]: PagoConvenioApplicationTests does not declare any static, non-private, non-final, nested classes annotated with @Configuration.
22:28:43.599 [main] DEBUG org.springframework.test.context.support.ActiveProfilesUtils - Could not find an 'annotation declaring class' for annotation type [org.springframework.test.context.ActiveProfiles] and class [co.edu.javeriana.aes.modval.PagoConvenio.PagoConvenioApplicationTests]
22:28:43.606 [main] DEBUG org.springframework.core.env.StandardEnvironment - Adding [systemProperties] PropertySource with lowest search precedence
22:28:43.607 [main] DEBUG org.springframework.core.env.StandardEnvironment - Adding [systemEnvironment] PropertySource with lowest search precedence
22:28:43.607 [main] DEBUG org.springframework.core.env.StandardEnvironment - Initialized StandardEnvironment with PropertySources [systemProperties,systemEnvironment]
22:28:43.620 [main] DEBUG org.springframework.core.io.support.PathMatchingResourcePatternResolver - Resolved classpath location [co/edu/javeriana/aes/modval/PagoConvenio/] to resources [URL [file:/D:/Frank/Javeriana/Semestre%20I/Modelado%20y%20validaci%c3%b3n%20de%20arquitectura/workspace/PagoConvenio/target/test-classes/co/edu/javeriana/aes/modval/PagoConvenio/]]
22:28:43.620 [main] DEBUG org.springframework.core.io.support.PathMatchingResourcePatternResolver - Looking for matching resources in directory tree [D:\Frank\Javeriana\Semestre I\Modelado y validación de arquitectura\workspace\PagoConvenio\target\test-classes\co\edu\javeriana\aes\modval\PagoConvenio]
22:28:43.620 [main] DEBUG org.springframework.core.io.support.PathMatchingResourcePatternResolver - Searching directory [D:\Frank\Javeriana\Semestre I\Modelado y validación de arquitectura\workspace\PagoConvenio\target\test-classes\co\edu\javeriana\aes\modval\PagoConvenio] for files matching pattern [D:/Frank/Javeriana/Semestre I/Modelado y validación de arquitectura/workspace/PagoConvenio/target/test-classes/co/edu/javeriana/aes/modval/PagoConvenio/*.class]
22:28:43.624 [main] DEBUG org.springframework.core.io.support.PathMatchingResourcePatternResolver - Resolved location pattern [classpath*:co/edu/javeriana/aes/modval/PagoConvenio/*.class] to resources [file [D:\Frank\Javeriana\Semestre I\Modelado y validación de arquitectura\workspace\PagoConvenio\target\test-classes\co\edu\javeriana\aes\modval\PagoConvenio\PagoConvenioApplicationTests.class]]
22:28:43.638 [main] DEBUG org.springframework.core.io.support.PathMatchingResourcePatternResolver - Resolved classpath location [co/edu/javeriana/aes/modval/] to resources [URL [file:/D:/Frank/Javeriana/Semestre%20I/Modelado%20y%20validaci%c3%b3n%20de%20arquitectura/workspace/PagoConvenio/target/test-classes/co/edu/javeriana/aes/modval/], URL [file:/D:/Frank/Javeriana/Semestre%20I/Modelado%20y%20validaci%c3%b3n%20de%20arquitectura/workspace/PagoConvenio/target/classes/co/edu/javeriana/aes/modval/]]
22:28:43.638 [main] DEBUG org.springframework.core.io.support.PathMatchingResourcePatternResolver - Looking for matching resources in directory tree [D:\Frank\Javeriana\Semestre I\Modelado y validación de arquitectura\workspace\PagoConvenio\target\test-classes\co\edu\javeriana\aes\modval]
22:28:43.639 [main] DEBUG org.springframework.core.io.support.PathMatchingResourcePatternResolver - Searching directory [D:\Frank\Javeriana\Semestre I\Modelado y validación de arquitectura\workspace\PagoConvenio\target\test-classes\co\edu\javeriana\aes\modval] for files matching pattern [D:/Frank/Javeriana/Semestre I/Modelado y validación de arquitectura/workspace/PagoConvenio/target/test-classes/co/edu/javeriana/aes/modval/*.class]
22:28:43.639 [main] DEBUG org.springframework.core.io.support.PathMatchingResourcePatternResolver - Looking for matching resources in directory tree [D:\Frank\Javeriana\Semestre I\Modelado y validación de arquitectura\workspace\PagoConvenio\target\classes\co\edu\javeriana\aes\modval]
22:28:43.639 [main] DEBUG org.springframework.core.io.support.PathMatchingResourcePatternResolver - Searching directory [D:\Frank\Javeriana\Semestre I\Modelado y validación de arquitectura\workspace\PagoConvenio\target\classes\co\edu\javeriana\aes\modval] for files matching pattern [D:/Frank/Javeriana/Semestre I/Modelado y validación de arquitectura/workspace/PagoConvenio/target/classes/co/edu/javeriana/aes/modval/*.class]
22:28:43.639 [main] DEBUG org.springframework.core.io.support.PathMatchingResourcePatternResolver - Resolved location pattern [classpath*:co/edu/javeriana/aes/modval/*.class] to resources []
22:28:43.640 [main] DEBUG org.springframework.core.io.support.PathMatchingResourcePatternResolver - Resolved classpath location [co/edu/javeriana/aes/] to resources [URL [file:/D:/Frank/Javeriana/Semestre%20I/Modelado%20y%20validaci%c3%b3n%20de%20arquitectura/workspace/PagoConvenio/target/test-classes/co/edu/javeriana/aes/], URL [file:/D:/Frank/Javeriana/Semestre%20I/Modelado%20y%20validaci%c3%b3n%20de%20arquitectura/workspace/PagoConvenio/target/classes/co/edu/javeriana/aes/]]
22:28:43.640 [main] DEBUG org.springframework.core.io.support.PathMatchingResourcePatternResolver - Looking for matching resources in directory tree [D:\Frank\Javeriana\Semestre I\Modelado y validación de arquitectura\workspace\PagoConvenio\target\test-classes\co\edu\javeriana\aes]
22:28:43.640 [main] DEBUG org.springframework.core.io.support.PathMatchingResourcePatternResolver - Searching directory [D:\Frank\Javeriana\Semestre I\Modelado y validación de arquitectura\workspace\PagoConvenio\target\test-classes\co\edu\javeriana\aes] for files matching pattern [D:/Frank/Javeriana/Semestre I/Modelado y validación de arquitectura/workspace/PagoConvenio/target/test-classes/co/edu/javeriana/aes/*.class]
22:28:43.641 [main] DEBUG org.springframework.core.io.support.PathMatchingResourcePatternResolver - Looking for matching resources in directory tree [D:\Frank\Javeriana\Semestre I\Modelado y validación de arquitectura\workspace\PagoConvenio\target\classes\co\edu\javeriana\aes]
22:28:43.641 [main] DEBUG org.springframework.core.io.support.PathMatchingResourcePatternResolver - Searching directory [D:\Frank\Javeriana\Semestre I\Modelado y validación de arquitectura\workspace\PagoConvenio\target\classes\co\edu\javeriana\aes] for files matching pattern [D:/Frank/Javeriana/Semestre I/Modelado y validación de arquitectura/workspace/PagoConvenio/target/classes/co/edu/javeriana/aes/*.class]
22:28:43.642 [main] DEBUG org.springframework.core.io.support.PathMatchingResourcePatternResolver - Resolved location pattern [classpath*:co/edu/javeriana/aes/*.class] to resources []
22:28:43.642 [main] DEBUG org.springframework.core.io.support.PathMatchingResourcePatternResolver - Resolved classpath location [co/edu/javeriana/] to resources [URL [file:/D:/Frank/Javeriana/Semestre%20I/Modelado%20y%20validaci%c3%b3n%20de%20arquitectura/workspace/PagoConvenio/target/test-classes/co/edu/javeriana/], URL [file:/D:/Frank/Javeriana/Semestre%20I/Modelado%20y%20validaci%c3%b3n%20de%20arquitectura/workspace/PagoConvenio/target/classes/co/edu/javeriana/]]
22:28:43.642 [main] DEBUG org.springframework.core.io.support.PathMatchingResourcePatternResolver - Looking for matching resources in directory tree [D:\Frank\Javeriana\Semestre I\Modelado y validación de arquitectura\workspace\PagoConvenio\target\test-classes\co\edu\javeriana]
22:28:43.643 [main] DEBUG org.springframework.core.io.support.PathMatchingResourcePatternResolver - Searching directory [D:\Frank\Javeriana\Semestre I\Modelado y validación de arquitectura\workspace\PagoConvenio\target\test-classes\co\edu\javeriana] for files matching pattern [D:/Frank/Javeriana/Semestre I/Modelado y validación de arquitectura/workspace/PagoConvenio/target/test-classes/co/edu/javeriana/*.class]
22:28:43.643 [main] DEBUG org.springframework.core.io.support.PathMatchingResourcePatternResolver - Looking for matching resources in directory tree [D:\Frank\Javeriana\Semestre I\Modelado y validación de arquitectura\workspace\PagoConvenio\target\classes\co\edu\javeriana]
22:28:43.643 [main] DEBUG org.springframework.core.io.support.PathMatchingResourcePatternResolver - Searching directory [D:\Frank\Javeriana\Semestre I\Modelado y validación de arquitectura\workspace\PagoConvenio\target\classes\co\edu\javeriana] for files matching pattern [D:/Frank/Javeriana/Semestre I/Modelado y validación de arquitectura/workspace/PagoConvenio/target/classes/co/edu/javeriana/*.class]
22:28:43.644 [main] DEBUG org.springframework.core.io.support.PathMatchingResourcePatternResolver - Resolved location pattern [classpath*:co/edu/javeriana/*.class] to resources []
22:28:43.644 [main] DEBUG org.springframework.core.io.support.PathMatchingResourcePatternResolver - Resolved classpath location [co/edu/] to resources [URL [file:/D:/Frank/Javeriana/Semestre%20I/Modelado%20y%20validaci%c3%b3n%20de%20arquitectura/workspace/PagoConvenio/target/test-classes/co/edu/], URL [file:/D:/Frank/Javeriana/Semestre%20I/Modelado%20y%20validaci%c3%b3n%20de%20arquitectura/workspace/PagoConvenio/target/classes/co/edu/]]
22:28:43.645 [main] DEBUG org.springframework.core.io.support.PathMatchingResourcePatternResolver - Looking for matching resources in directory tree [D:\Frank\Javeriana\Semestre I\Modelado y validación de arquitectura\workspace\PagoConvenio\target\test-classes\co\edu]
22:28:43.645 [main] DEBUG org.springframework.core.io.support.PathMatchingResourcePatternResolver - Searching directory [D:\Frank\Javeriana\Semestre I\Modelado y validación de arquitectura\workspace\PagoConvenio\target\test-classes\co\edu] for files matching pattern [D:/Frank/Javeriana/Semestre I/Modelado y validación de arquitectura/workspace/PagoConvenio/target/test-classes/co/edu/*.class]
22:28:43.646 [main] DEBUG org.springframework.core.io.support.PathMatchingResourcePatternResolver - Looking for matching resources in directory tree [D:\Frank\Javeriana\Semestre I\Modelado y validación de arquitectura\workspace\PagoConvenio\target\classes\co\edu]
22:28:43.646 [main] DEBUG org.springframework.core.io.support.PathMatchingResourcePatternResolver - Searching directory [D:\Frank\Javeriana\Semestre I\Modelado y validación de arquitectura\workspace\PagoConvenio\target\classes\co\edu] for files matching pattern [D:/Frank/Javeriana/Semestre I/Modelado y validación de arquitectura/workspace/PagoConvenio/target/classes/co/edu/*.class]
22:28:43.646 [main] DEBUG org.springframework.core.io.support.PathMatchingResourcePatternResolver - Resolved location pattern [classpath*:co/edu/*.class] to resources []
22:28:43.647 [main] DEBUG org.springframework.core.io.support.PathMatchingResourcePatternResolver - Resolved classpath location [co/] to resources [URL [file:/D:/Frank/Javeriana/Semestre%20I/Modelado%20y%20validaci%c3%b3n%20de%20arquitectura/workspace/PagoConvenio/target/test-classes/co/], URL [file:/D:/Frank/Javeriana/Semestre%20I/Modelado%20y%20validaci%c3%b3n%20de%20arquitectura/workspace/PagoConvenio/target/classes/co/]]
22:28:43.647 [main] DEBUG org.springframework.core.io.support.PathMatchingResourcePatternResolver - Looking for matching resources in directory tree [D:\Frank\Javeriana\Semestre I\Modelado y validación de arquitectura\workspace\PagoConvenio\target\test-classes\co]
22:28:43.648 [main] DEBUG org.springframework.core.io.support.PathMatchingResourcePatternResolver - Searching directory [D:\Frank\Javeriana\Semestre I\Modelado y validación de arquitectura\workspace\PagoConvenio\target\test-classes\co] for files matching pattern [D:/Frank/Javeriana/Semestre I/Modelado y validación de arquitectura/workspace/PagoConvenio/target/test-classes/co/*.class]
22:28:43.648 [main] DEBUG org.springframework.core.io.support.PathMatchingResourcePatternResolver - Looking for matching resources in directory tree [D:\Frank\Javeriana\Semestre I\Modelado y validación de arquitectura\workspace\PagoConvenio\target\classes\co]
22:28:43.649 [main] DEBUG org.springframework.core.io.support.PathMatchingResourcePatternResolver - Searching directory [D:\Frank\Javeriana\Semestre I\Modelado y validación de arquitectura\workspace\PagoConvenio\target\classes\co] for files matching pattern [D:/Frank/Javeriana/Semestre I/Modelado y validación de arquitectura/workspace/PagoConvenio/target/classes/co/*.class]
22:28:43.649 [main] DEBUG org.springframework.core.io.support.PathMatchingResourcePatternResolver - Resolved location pattern [classpath*:co/*.class] to resources []
22:28:43.652 [main] DEBUG org.springframework.test.context.junit4.SpringJUnit4ClassRunner - SpringJUnit4ClassRunner constructor called with [class co.edu.javeriana.aes.modval.PagoConvenio.PagoConvenioApplicationTests]
22:28:43.653 [main] DEBUG org.springframework.test.context.BootstrapUtils - Instantiating CacheAwareContextLoaderDelegate from class [org.springframework.test.context.cache.DefaultCacheAwareContextLoaderDelegate]
22:28:43.653 [main] DEBUG org.springframework.test.context.BootstrapUtils - Instantiating BootstrapContext using constructor [public org.springframework.test.context.support.DefaultBootstrapContext(java.lang.Class,org.springframework.test.context.CacheAwareContextLoaderDelegate)]
22:28:43.653 [main] DEBUG org.springframework.test.context.BootstrapUtils - Instantiating TestContextBootstrapper for test class [co.edu.javeriana.aes.modval.PagoConvenio.PagoConvenioApplicationTests] from class [org.springframework.boot.test.context.SpringBootTestContextBootstrapper]
22:28:43.654 [main] INFO org.springframework.boot.test.context.SpringBootTestContextBootstrapper - Neither @ContextConfiguration nor @ContextHierarchy found for test class [co.edu.javeriana.aes.modval.PagoConvenio.PagoConvenioApplicationTests], using SpringBootContextLoader
22:28:43.655 [main] DEBUG org.springframework.test.context.support.AbstractContextLoader - Did not detect default resource location for test class [co.edu.javeriana.aes.modval.PagoConvenio.PagoConvenioApplicationTests]: class path resource [co/edu/javeriana/aes/modval/PagoConvenio/PagoConvenioApplicationTests-context.xml] does not exist
22:28:43.655 [main] DEBUG org.springframework.test.context.support.AbstractContextLoader - Did not detect default resource location for test class [co.edu.javeriana.aes.modval.PagoConvenio.PagoConvenioApplicationTests]: class path resource [co/edu/javeriana/aes/modval/PagoConvenio/PagoConvenioApplicationTestsContext.groovy] does not exist
22:28:43.655 [main] INFO org.springframework.test.context.support.AbstractContextLoader - Could not detect default resource locations for test class [co.edu.javeriana.aes.modval.PagoConvenio.PagoConvenioApplicationTests]: no resource found for suffixes {-context.xml, Context.groovy}.
22:28:43.655 [main] INFO org.springframework.test.context.support.AnnotationConfigContextLoaderUtils - Could not detect default configuration classes for test class [co.edu.javeriana.aes.modval.PagoConvenio.PagoConvenioApplicationTests]: PagoConvenioApplicationTests does not declare any static, non-private, non-final, nested classes annotated with @Configuration.
22:28:43.660 [main] DEBUG org.springframework.test.context.support.ActiveProfilesUtils - Could not find an 'annotation declaring class' for annotation type [org.springframework.test.context.ActiveProfiles] and class [co.edu.javeriana.aes.modval.PagoConvenio.PagoConvenioApplicationTests]
22:28:43.660 [main] DEBUG org.springframework.core.env.StandardEnvironment - Adding [systemProperties] PropertySource with lowest search precedence
22:28:43.660 [main] DEBUG org.springframework.core.env.StandardEnvironment - Adding [systemEnvironment] PropertySource with lowest search precedence
22:28:43.661 [main] DEBUG org.springframework.core.env.StandardEnvironment - Initialized StandardEnvironment with PropertySources [systemProperties,systemEnvironment]
22:28:43.662 [main] DEBUG org.springframework.core.io.support.PathMatchingResourcePatternResolver - Resolved classpath location [co/edu/javeriana/aes/modval/PagoConvenio/] to resources [URL [file:/D:/Frank/Javeriana/Semestre%20I/Modelado%20y%20validaci%c3%b3n%20de%20arquitectura/workspace/PagoConvenio/target/test-classes/co/edu/javeriana/aes/modval/PagoConvenio/]]
22:28:43.662 [main] DEBUG org.springframework.core.io.support.PathMatchingResourcePatternResolver - Looking for matching resources in directory tree [D:\Frank\Javeriana\Semestre I\Modelado y validación de arquitectura\workspace\PagoConvenio\target\test-classes\co\edu\javeriana\aes\modval\PagoConvenio]
22:28:43.663 [main] DEBUG org.springframework.core.io.support.PathMatchingResourcePatternResolver - Searching directory [D:\Frank\Javeriana\Semestre I\Modelado y validación de arquitectura\workspace\PagoConvenio\target\test-classes\co\edu\javeriana\aes\modval\PagoConvenio] for files matching pattern [D:/Frank/Javeriana/Semestre I/Modelado y validación de arquitectura/workspace/PagoConvenio/target/test-classes/co/edu/javeriana/aes/modval/PagoConvenio/*.class]
22:28:43.665 [main] DEBUG org.springframework.core.io.support.PathMatchingResourcePatternResolver - Resolved location pattern [classpath*:co/edu/javeriana/aes/modval/PagoConvenio/*.class] to resources [file [D:\Frank\Javeriana\Semestre I\Modelado y validación de arquitectura\workspace\PagoConvenio\target\test-classes\co\edu\javeriana\aes\modval\PagoConvenio\PagoConvenioApplicationTests.class]]
22:28:43.669 [main] DEBUG org.springframework.core.io.support.PathMatchingResourcePatternResolver - Resolved classpath location [co/edu/javeriana/aes/modval/] to resources [URL [file:/D:/Frank/Javeriana/Semestre%20I/Modelado%20y%20validaci%c3%b3n%20de%20arquitectura/workspace/PagoConvenio/target/test-classes/co/edu/javeriana/aes/modval/], URL [file:/D:/Frank/Javeriana/Semestre%20I/Modelado%20y%20validaci%c3%b3n%20de%20arquitectura/workspace/PagoConvenio/target/classes/co/edu/javeriana/aes/modval/]]
22:28:43.670 [main] DEBUG org.springframework.core.io.support.PathMatchingResourcePatternResolver - Looking for matching resources in directory tree [D:\Frank\Javeriana\Semestre I\Modelado y validación de arquitectura\workspace\PagoConvenio\target\test-classes\co\edu\javeriana\aes\modval]
22:28:43.670 [main] DEBUG org.springframework.core.io.support.PathMatchingResourcePatternResolver - Searching directory [D:\Frank\Javeriana\Semestre I\Modelado y validación de arquitectura\workspace\PagoConvenio\target\test-classes\co\edu\javeriana\aes\modval] for files matching pattern [D:/Frank/Javeriana/Semestre I/Modelado y validación de arquitectura/workspace/PagoConvenio/target/test-classes/co/edu/javeriana/aes/modval/*.class]
22:28:43.671 [main] DEBUG org.springframework.core.io.support.PathMatchingResourcePatternResolver - Looking for matching resources in directory tree [D:\Frank\Javeriana\Semestre I\Modelado y validación de arquitectura\workspace\PagoConvenio\target\classes\co\edu\javeriana\aes\modval]
22:28:43.671 [main] DEBUG org.springframework.core.io.support.PathMatchingResourcePatternResolver - Searching directory [D:\Frank\Javeriana\Semestre I\Modelado y validación de arquitectura\workspace\PagoConvenio\target\classes\co\edu\javeriana\aes\modval] for files matching pattern [D:/Frank/Javeriana/Semestre I/Modelado y validación de arquitectura/workspace/PagoConvenio/target/classes/co/edu/javeriana/aes/modval/*.class]
22:28:43.672 [main] DEBUG org.springframework.core.io.support.PathMatchingResourcePatternResolver - Resolved location pattern [classpath*:co/edu/javeriana/aes/modval/*.class] to resources []
22:28:43.673 [main] DEBUG org.springframework.core.io.support.PathMatchingResourcePatternResolver - Resolved classpath location [co/edu/javeriana/aes/] to resources [URL [file:/D:/Frank/Javeriana/Semestre%20I/Modelado%20y%20validaci%c3%b3n%20de%20arquitectura/workspace/PagoConvenio/target/test-classes/co/edu/javeriana/aes/], URL [file:/D:/Frank/Javeriana/Semestre%20I/Modelado%20y%20validaci%c3%b3n%20de%20arquitectura/workspace/PagoConvenio/target/classes/co/edu/javeriana/aes/]]
22:28:43.673 [main] DEBUG org.springframework.core.io.support.PathMatchingResourcePatternResolver - Looking for matching resources in directory tree [D:\Frank\Javeriana\Semestre I\Modelado y validación de arquitectura\workspace\PagoConvenio\target\test-classes\co\edu\javeriana\aes]
22:28:43.673 [main] DEBUG org.springframework.core.io.support.PathMatchingResourcePatternResolver - Searching directory [D:\Frank\Javeriana\Semestre I\Modelado y validación de arquitectura\workspace\PagoConvenio\target\test-classes\co\edu\javeriana\aes] for files matching pattern [D:/Frank/Javeriana/Semestre I/Modelado y validación de arquitectura/workspace/PagoConvenio/target/test-classes/co/edu/javeriana/aes/*.class]
22:28:43.674 [main] DEBUG org.springframework.core.io.support.PathMatchingResourcePatternResolver - Looking for matching resources in directory tree [D:\Frank\Javeriana\Semestre I\Modelado y validación de arquitectura\workspace\PagoConvenio\target\classes\co\edu\javeriana\aes]
22:28:43.676 [main] DEBUG org.springframework.core.io.support.PathMatchingResourcePatternResolver - Searching directory [D:\Frank\Javeriana\Semestre I\Modelado y validación de arquitectura\workspace\PagoConvenio\target\classes\co\edu\javeriana\aes] for files matching pattern [D:/Frank/Javeriana/Semestre I/Modelado y validación de arquitectura/workspace/PagoConvenio/target/classes/co/edu/javeriana/aes/*.class]
22:28:43.677 [main] DEBUG org.springframework.core.io.support.PathMatchingResourcePatternResolver - Resolved location pattern [classpath*:co/edu/javeriana/aes/*.class] to resources []
22:28:43.678 [main] DEBUG org.springframework.core.io.support.PathMatchingResourcePatternResolver - Resolved classpath location [co/edu/javeriana/] to resources [URL [file:/D:/Frank/Javeriana/Semestre%20I/Modelado%20y%20validaci%c3%b3n%20de%20arquitectura/workspace/PagoConvenio/target/test-classes/co/edu/javeriana/], URL [file:/D:/Frank/Javeriana/Semestre%20I/Modelado%20y%20validaci%c3%b3n%20de%20arquitectura/workspace/PagoConvenio/target/classes/co/edu/javeriana/]]
22:28:43.678 [main] DEBUG org.springframework.core.io.support.PathMatchingResourcePatternResolver - Looking for matching resources in directory tree [D:\Frank\Javeriana\Semestre I\Modelado y validación de arquitectura\workspace\PagoConvenio\target\test-classes\co\edu\javeriana]
22:28:43.678 [main] DEBUG org.springframework.core.io.support.PathMatchingResourcePatternResolver - Searching directory [D:\Frank\Javeriana\Semestre I\Modelado y validación de arquitectura\workspace\PagoConvenio\target\test-classes\co\edu\javeriana] for files matching pattern [D:/Frank/Javeriana/Semestre I/Modelado y validación de arquitectura/workspace/PagoConvenio/target/test-classes/co/edu/javeriana/*.class]
22:28:43.679 [main] DEBUG org.springframework.core.io.support.PathMatchingResourcePatternResolver - Looking for matching resources in directory tree [D:\Frank\Javeriana\Semestre I\Modelado y validación de arquitectura\workspace\PagoConvenio\target\classes\co\edu\javeriana]
22:28:43.680 [main] DEBUG org.springframework.core.io.support.PathMatchingResourcePatternResolver - Searching directory [D:\Frank\Javeriana\Semestre I\Modelado y validación de arquitectura\workspace\PagoConvenio\target\classes\co\edu\javeriana] for files matching pattern [D:/Frank/Javeriana/Semestre I/Modelado y validación de arquitectura/workspace/PagoConvenio/target/classes/co/edu/javeriana/*.class]
22:28:43.680 [main] DEBUG org.springframework.core.io.support.PathMatchingResourcePatternResolver - Resolved location pattern [classpath*:co/edu/javeriana/*.class] to resources []
22:28:43.681 [main] DEBUG org.springframework.core.io.support.PathMatchingResourcePatternResolver - Resolved classpath location [co/edu/] to resources [URL [file:/D:/Frank/Javeriana/Semestre%20I/Modelado%20y%20validaci%c3%b3n%20de%20arquitectura/workspace/PagoConvenio/target/test-classes/co/edu/], URL [file:/D:/Frank/Javeriana/Semestre%20I/Modelado%20y%20validaci%c3%b3n%20de%20arquitectura/workspace/PagoConvenio/target/classes/co/edu/]]
22:28:43.681 [main] DEBUG org.springframework.core.io.support.PathMatchingResourcePatternResolver - Looking for matching resources in directory tree [D:\Frank\Javeriana\Semestre I\Modelado y validación de arquitectura\workspace\PagoConvenio\target\test-classes\co\edu]
22:28:43.681 [main] DEBUG org.springframework.core.io.support.PathMatchingResourcePatternResolver - Searching directory [D:\Frank\Javeriana\Semestre I\Modelado y validación de arquitectura\workspace\PagoConvenio\target\test-classes\co\edu] for files matching pattern [D:/Frank/Javeriana/Semestre I/Modelado y validación de arquitectura/workspace/PagoConvenio/target/test-classes/co/edu/*.class]
22:28:43.682 [main] DEBUG org.springframework.core.io.support.PathMatchingResourcePatternResolver - Looking for matching resources in directory tree [D:\Frank\Javeriana\Semestre I\Modelado y validación de arquitectura\workspace\PagoConvenio\target\classes\co\edu]
22:28:43.682 [main] DEBUG org.springframework.core.io.support.PathMatchingResourcePatternResolver - Searching directory [D:\Frank\Javeriana\Semestre I\Modelado y validación de arquitectura\workspace\PagoConvenio\target\classes\co\edu] for files matching pattern [D:/Frank/Javeriana/Semestre I/Modelado y validación de arquitectura/workspace/PagoConvenio/target/classes/co/edu/*.class]
22:28:43.682 [main] DEBUG org.springframework.core.io.support.PathMatchingResourcePatternResolver - Resolved location pattern [classpath*:co/edu/*.class] to resources []
22:28:43.683 [main] DEBUG org.springframework.core.io.support.PathMatchingResourcePatternResolver - Resolved classpath location [co/] to resources [URL [file:/D:/Frank/Javeriana/Semestre%20I/Modelado%20y%20validaci%c3%b3n%20de%20arquitectura/workspace/PagoConvenio/target/test-classes/co/], URL [file:/D:/Frank/Javeriana/Semestre%20I/Modelado%20y%20validaci%c3%b3n%20de%20arquitectura/workspace/PagoConvenio/target/classes/co/]]
22:28:43.683 [main] DEBUG org.springframework.core.io.support.PathMatchingResourcePatternResolver - Looking for matching resources in directory tree [D:\Frank\Javeriana\Semestre I\Modelado y validación de arquitectura\workspace\PagoConvenio\target\test-classes\co]
22:28:43.683 [main] DEBUG org.springframework.core.io.support.PathMatchingResourcePatternResolver - Searching directory [D:\Frank\Javeriana\Semestre I\Modelado y validación de arquitectura\workspace\PagoConvenio\target\test-classes\co] for files matching pattern [D:/Frank/Javeriana/Semestre I/Modelado y validación de arquitectura/workspace/PagoConvenio/target/test-classes/co/*.class]
22:28:43.683 [main] DEBUG org.springframework.core.io.support.PathMatchingResourcePatternResolver - Looking for matching resources in directory tree [D:\Frank\Javeriana\Semestre I\Modelado y validación de arquitectura\workspace\PagoConvenio\target\classes\co]
22:28:43.684 [main] DEBUG org.springframework.core.io.support.PathMatchingResourcePatternResolver - Searching directory [D:\Frank\Javeriana\Semestre I\Modelado y validación de arquitectura\workspace\PagoConvenio\target\classes\co] for files matching pattern [D:/Frank/Javeriana/Semestre I/Modelado y validación de arquitectura/workspace/PagoConvenio/target/classes/co/*.class]
22:28:43.684 [main] DEBUG org.springframework.core.io.support.PathMatchingResourcePatternResolver - Resolved location pattern [classpath*:co/*.class] to resources []
]]></system-out>
  </testcase>
</testsuite>